{"C:\\Users\\rapha\\Documents\\ESGI\\m2\\hackathon\\backend\\src\\models\\baseDoctor.js": {"path":"C:\\Users\\rapha\\Documents\\ESGI\\m2\\hackathon\\backend\\src\\models\\baseDoctor.js","statementMap":{"0":{"start":{"line":43,"column":6},"end":{"line":43,"column":21}},"1":{"start":{"line":44,"column":6},"end":{"line":44,"column":24}},"2":{"start":{"line":45,"column":6},"end":{"line":45,"column":36}},"3":{"start":{"line":46,"column":6},"end":{"line":46,"column":36}},"4":{"start":{"line":55,"column":6},"end":{"line":55,"column":38}},"5":{"start":{"line":63,"column":6},"end":{"line":67,"column":8}},"6":{"start":{"line":71,"column":0},"end":{"line":71,"column":28}}},"fnMap":{"0":{"name":"(anonymous_0)","decl":{"start":{"line":37,"column":2},"end":{"line":37,"column":3}},"loc":{"start":{"line":42,"column":5},"end":{"line":47,"column":3}},"line":42},"1":{"name":"(anonymous_1)","decl":{"start":{"line":54,"column":2},"end":{"line":54,"column":3}},"loc":{"start":{"line":54,"column":28},"end":{"line":56,"column":3}},"line":54},"2":{"name":"(anonymous_2)","decl":{"start":{"line":62,"column":2},"end":{"line":62,"column":3}},"loc":{"start":{"line":62,"column":11},"end":{"line":68,"column":3}},"line":62}},"branchMap":{},"s":{"0":10,"1":10,"2":10,"3":10,"4":4,"5":1,"6":4},"f":{"0":10,"1":4,"2":1},"b":{},"_coverageSchema":"1a1c01bbd47fc00a2c39e90264f33305004495a9","hash":"35b146181a84b6a01bd16cdcad367468f329447e"}
,"C:\\Users\\rapha\\Documents\\ESGI\\m2\\hackathon\\backend\\src\\models\\doctorDetails.js": {"path":"C:\\Users\\rapha\\Documents\\ESGI\\m2\\hackathon\\backend\\src\\models\\doctorDetails.js","statementMap":{"0":{"start":{"line":71,"column":6},"end":{"line":71,"column":21}},"1":{"start":{"line":72,"column":6},"end":{"line":72,"column":24}},"2":{"start":{"line":73,"column":6},"end":{"line":73,"column":36}},"3":{"start":{"line":74,"column":6},"end":{"line":74,"column":31}},"4":{"start":{"line":75,"column":6},"end":{"line":75,"column":31}},"5":{"start":{"line":76,"column":6},"end":{"line":76,"column":36}},"6":{"start":{"line":77,"column":6},"end":{"line":77,"column":28}},"7":{"start":{"line":78,"column":6},"end":{"line":78,"column":38}},"8":{"start":{"line":79,"column":6},"end":{"line":79,"column":26}},"9":{"start":{"line":80,"column":6},"end":{"line":80,"column":56}},"10":{"start":{"line":89,"column":6},"end":{"line":89,"column":41}},"11":{"start":{"line":97,"column":6},"end":{"line":104,"column":8}},"12":{"start":{"line":108,"column":0},"end":{"line":108,"column":31}}},"fnMap":{"0":{"name":"(anonymous_0)","decl":{"start":{"line":59,"column":2},"end":{"line":59,"column":3}},"loc":{"start":{"line":70,"column":5},"end":{"line":81,"column":3}},"line":70},"1":{"name":"(anonymous_1)","decl":{"start":{"line":88,"column":2},"end":{"line":88,"column":3}},"loc":{"start":{"line":88,"column":28},"end":{"line":90,"column":3}},"line":88},"2":{"name":"(anonymous_2)","decl":{"start":{"line":96,"column":2},"end":{"line":96,"column":3}},"loc":{"start":{"line":96,"column":11},"end":{"line":105,"column":3}},"line":96}},"branchMap":{},"s":{"0":8,"1":8,"2":8,"3":8,"4":8,"5":8,"6":8,"7":8,"8":8,"9":8,"10":3,"11":2,"12":4},"f":{"0":8,"1":3,"2":2},"b":{},"_coverageSchema":"1a1c01bbd47fc00a2c39e90264f33305004495a9","hash":"4c6527f5f256f096bcb0acdb35cec14d9f16b17d"}
,"C:\\Users\\rapha\\Documents\\ESGI\\m2\\hackathon\\backend\\src\\models\\municipality.js": {"path":"C:\\Users\\rapha\\Documents\\ESGI\\m2\\hackathon\\backend\\src\\models\\municipality.js","statementMap":{"0":{"start":{"line":60,"column":8},"end":{"line":60,"column":23}},"1":{"start":{"line":61,"column":8},"end":{"line":61,"column":25}},"2":{"start":{"line":62,"column":8},"end":{"line":62,"column":47}},"3":{"start":{"line":63,"column":8},"end":{"line":63,"column":27}},"4":{"start":{"line":64,"column":8},"end":{"line":64,"column":33}},"5":{"start":{"line":65,"column":8},"end":{"line":65,"column":37}},"6":{"start":{"line":66,"column":8},"end":{"line":66,"column":41}},"7":{"start":{"line":67,"column":8},"end":{"line":67,"column":37}},"8":{"start":{"line":76,"column":8},"end":{"line":76,"column":42}},"9":{"start":{"line":84,"column":8},"end":{"line":93,"column":10}},"10":{"start":{"line":97,"column":0},"end":{"line":97,"column":30}}},"fnMap":{"0":{"name":"(anonymous_0)","decl":{"start":{"line":50,"column":4},"end":{"line":50,"column":5}},"loc":{"start":{"line":59,"column":7},"end":{"line":68,"column":5}},"line":59},"1":{"name":"(anonymous_1)","decl":{"start":{"line":75,"column":4},"end":{"line":75,"column":5}},"loc":{"start":{"line":75,"column":30},"end":{"line":77,"column":5}},"line":75},"2":{"name":"(anonymous_2)","decl":{"start":{"line":83,"column":4},"end":{"line":83,"column":5}},"loc":{"start":{"line":83,"column":13},"end":{"line":94,"column":5}},"line":83}},"branchMap":{},"s":{"0":11,"1":11,"2":11,"3":11,"4":11,"5":11,"6":11,"7":11,"8":5,"9":1,"10":3},"f":{"0":11,"1":5,"2":1},"b":{},"_coverageSchema":"1a1c01bbd47fc00a2c39e90264f33305004495a9","hash":"7bb7ed1e82f47ad5438512c0967b4b2c8945ac3d"}
,"C:\\Users\\rapha\\Documents\\ESGI\\m2\\hackathon\\backend\\src\\routes\\doctors.js": {"path":"C:\\Users\\rapha\\Documents\\ESGI\\m2\\hackathon\\backend\\src\\routes\\doctors.js","statementMap":{"0":{"start":{"line":1,"column":16},"end":{"line":1,"column":34}},"1":{"start":{"line":2,"column":22},"end":{"line":2,"column":59}},"2":{"start":{"line":3,"column":15},"end":{"line":3,"column":31}},"3":{"start":{"line":23,"column":0},"end":{"line":30,"column":3}},"4":{"start":{"line":24,"column":2},"end":{"line":29,"column":3}},"5":{"start":{"line":25,"column":22},"end":{"line":25,"column":63}},"6":{"start":{"line":26,"column":6},"end":{"line":26,"column":24}},"7":{"start":{"line":28,"column":6},"end":{"line":28,"column":53}},"8":{"start":{"line":55,"column":0},"end":{"line":62,"column":3}},"9":{"start":{"line":56,"column":2},"end":{"line":61,"column":3}},"10":{"start":{"line":57,"column":21},"end":{"line":57,"column":80}},"11":{"start":{"line":58,"column":6},"end":{"line":58,"column":23}},"12":{"start":{"line":60,"column":6},"end":{"line":60,"column":53}},"13":{"start":{"line":64,"column":0},"end":{"line":64,"column":24}}},"fnMap":{"0":{"name":"(anonymous_0)","decl":{"start":{"line":23,"column":21},"end":{"line":23,"column":22}},"loc":{"start":{"line":23,"column":41},"end":{"line":30,"column":1}},"line":23},"1":{"name":"(anonymous_1)","decl":{"start":{"line":55,"column":21},"end":{"line":55,"column":22}},"loc":{"start":{"line":55,"column":41},"end":{"line":62,"column":1}},"line":55}},"branchMap":{},"s":{"0":2,"1":2,"2":2,"3":2,"4":3,"5":3,"6":2,"7":1,"8":2,"9":3,"10":3,"11":2,"12":1,"13":2},"f":{"0":3,"1":3},"b":{},"_coverageSchema":"1a1c01bbd47fc00a2c39e90264f33305004495a9","hash":"369e09629c8f5b464a31bfdc518b5b87e1aeae15"}
,"C:\\Users\\rapha\\Documents\\ESGI\\m2\\hackathon\\backend\\src\\routes\\municipalities.js": {"path":"C:\\Users\\rapha\\Documents\\ESGI\\m2\\hackathon\\backend\\src\\routes\\municipalities.js","statementMap":{"0":{"start":{"line":1,"column":16},"end":{"line":1,"column":34}},"1":{"start":{"line":2,"column":28},"end":{"line":2,"column":71}},"2":{"start":{"line":3,"column":15},"end":{"line":3,"column":31}},"3":{"start":{"line":24,"column":0},"end":{"line":31,"column":3}},"4":{"start":{"line":25,"column":2},"end":{"line":30,"column":3}},"5":{"start":{"line":26,"column":29},"end":{"line":26,"column":83}},"6":{"start":{"line":27,"column":6},"end":{"line":27,"column":31}},"7":{"start":{"line":29,"column":6},"end":{"line":29,"column":53}},"8":{"start":{"line":52,"column":0},"end":{"line":59,"column":3}},"9":{"start":{"line":53,"column":2},"end":{"line":58,"column":3}},"10":{"start":{"line":54,"column":20},"end":{"line":54,"column":77}},"11":{"start":{"line":55,"column":6},"end":{"line":55,"column":22}},"12":{"start":{"line":57,"column":6},"end":{"line":57,"column":53}},"13":{"start":{"line":85,"column":0},"end":{"line":92,"column":3}},"14":{"start":{"line":86,"column":2},"end":{"line":91,"column":3}},"15":{"start":{"line":87,"column":27},"end":{"line":87,"column":91}},"16":{"start":{"line":88,"column":6},"end":{"line":88,"column":29}},"17":{"start":{"line":90,"column":6},"end":{"line":90,"column":53}},"18":{"start":{"line":94,"column":0},"end":{"line":94,"column":24}}},"fnMap":{"0":{"name":"(anonymous_0)","decl":{"start":{"line":24,"column":21},"end":{"line":24,"column":22}},"loc":{"start":{"line":24,"column":41},"end":{"line":31,"column":1}},"line":24},"1":{"name":"(anonymous_1)","decl":{"start":{"line":52,"column":27},"end":{"line":52,"column":28}},"loc":{"start":{"line":52,"column":47},"end":{"line":59,"column":1}},"line":52},"2":{"name":"(anonymous_2)","decl":{"start":{"line":85,"column":21},"end":{"line":85,"column":22}},"loc":{"start":{"line":85,"column":41},"end":{"line":92,"column":1}},"line":85}},"branchMap":{},"s":{"0":2,"1":2,"2":2,"3":2,"4":3,"5":3,"6":2,"7":1,"8":2,"9":3,"10":3,"11":2,"12":1,"13":2,"14":3,"15":3,"16":2,"17":1,"18":2},"f":{"0":3,"1":3,"2":3},"b":{},"_coverageSchema":"1a1c01bbd47fc00a2c39e90264f33305004495a9","hash":"4a7a7d8a3f3324a9d84320636525bcbc6ee45997"}
,"C:\\Users\\rapha\\Documents\\ESGI\\m2\\hackathon\\backend\\src\\services\\doctor_service.js": {"path":"C:\\Users\\rapha\\Documents\\ESGI\\m2\\hackathon\\backend\\src\\services\\doctor_service.js","statementMap":{"0":{"start":{"line":1,"column":14},"end":{"line":1,"column":30}},"1":{"start":{"line":2,"column":19},"end":{"line":2,"column":50}},"2":{"start":{"line":3,"column":22},"end":{"line":3,"column":56}},"3":{"start":{"line":4,"column":0},"end":{"line":4,"column":27}},"4":{"start":{"line":10,"column":20},"end":{"line":10,"column":64}},"5":{"start":{"line":18,"column":4},"end":{"line":48,"column":5}},"6":{"start":{"line":19,"column":23},"end":{"line":28,"column":7}},"7":{"start":{"line":30,"column":6},"end":{"line":39,"column":8}},"8":{"start":{"line":31,"column":8},"end":{"line":38,"column":10}},"9":{"start":{"line":41,"column":6},"end":{"line":44,"column":8}},"10":{"start":{"line":45,"column":6},"end":{"line":47,"column":8}},"11":{"start":{"line":57,"column":4},"end":{"line":85,"column":5}},"12":{"start":{"line":58,"column":23},"end":{"line":67,"column":7}},"13":{"start":{"line":68,"column":6},"end":{"line":68,"column":33}},"14":{"start":{"line":69,"column":6},"end":{"line":81,"column":9}},"15":{"start":{"line":83,"column":6},"end":{"line":83,"column":79}},"16":{"start":{"line":84,"column":6},"end":{"line":84,"column":66}},"17":{"start":{"line":93,"column":4},"end":{"line":99,"column":5}},"18":{"start":{"line":94,"column":22},"end":{"line":94,"column":61}},"19":{"start":{"line":95,"column":6},"end":{"line":95,"column":21}},"20":{"start":{"line":97,"column":6},"end":{"line":97,"column":73}},"21":{"start":{"line":98,"column":6},"end":{"line":98,"column":60}},"22":{"start":{"line":103,"column":0},"end":{"line":103,"column":31}}},"fnMap":{"0":{"name":"(anonymous_0)","decl":{"start":{"line":17,"column":2},"end":{"line":17,"column":3}},"loc":{"start":{"line":17,"column":55},"end":{"line":49,"column":3}},"line":17},"1":{"name":"(anonymous_1)","decl":{"start":{"line":30,"column":46},"end":{"line":30,"column":47}},"loc":{"start":{"line":31,"column":8},"end":{"line":38,"column":10}},"line":31},"2":{"name":"(anonymous_2)","decl":{"start":{"line":56,"column":2},"end":{"line":56,"column":3}},"loc":{"start":{"line":56,"column":44},"end":{"line":86,"column":3}},"line":56},"3":{"name":"(anonymous_3)","decl":{"start":{"line":92,"column":2},"end":{"line":92,"column":3}},"loc":{"start":{"line":92,"column":37},"end":{"line":100,"column":3}},"line":92}},"branchMap":{},"s":{"0":2,"1":2,"2":2,"3":2,"4":2,"5":2,"6":2,"7":1,"8":2,"9":1,"10":1,"11":2,"12":2,"13":1,"14":1,"15":1,"16":1,"17":2,"18":2,"19":1,"20":1,"21":1,"22":2},"f":{"0":2,"1":2,"2":2,"3":2},"b":{},"_coverageSchema":"1a1c01bbd47fc00a2c39e90264f33305004495a9","hash":"36272abf4fba39fb30eb2a0e08e67767172c61bf"}
,"C:\\Users\\rapha\\Documents\\ESGI\\m2\\hackathon\\backend\\src\\services\\municipality_service.js": {"path":"C:\\Users\\rapha\\Documents\\ESGI\\m2\\hackathon\\backend\\src\\services\\municipality_service.js","statementMap":{"0":{"start":{"line":1,"column":14},"end":{"line":1,"column":30}},"1":{"start":{"line":2,"column":21},"end":{"line":2,"column":54}},"2":{"start":{"line":8,"column":22},"end":{"line":8,"column":47}},"3":{"start":{"line":16,"column":8},"end":{"line":31,"column":9}},"4":{"start":{"line":17,"column":29},"end":{"line":17,"column":105}},"5":{"start":{"line":18,"column":12},"end":{"line":27,"column":16}},"6":{"start":{"line":18,"column":45},"end":{"line":27,"column":14}},"7":{"start":{"line":29,"column":12},"end":{"line":29,"column":109}},"8":{"start":{"line":30,"column":12},"end":{"line":30,"column":96}},"9":{"start":{"line":40,"column":8},"end":{"line":46,"column":9}},"10":{"start":{"line":41,"column":35},"end":{"line":41,"column":92}},"11":{"start":{"line":42,"column":12},"end":{"line":42,"column":73}},"12":{"start":{"line":42,"column":54},"end":{"line":42,"column":71}},"13":{"start":{"line":44,"column":12},"end":{"line":44,"column":113}},"14":{"start":{"line":45,"column":12},"end":{"line":45,"column":100}},"15":{"start":{"line":55,"column":8},"end":{"line":70,"column":9}},"16":{"start":{"line":56,"column":29},"end":{"line":56,"column":81}},"17":{"start":{"line":57,"column":12},"end":{"line":66,"column":15}},"18":{"start":{"line":68,"column":12},"end":{"line":68,"column":91}},"19":{"start":{"line":69,"column":12},"end":{"line":69,"column":78}},"20":{"start":{"line":78,"column":8},"end":{"line":84,"column":9}},"21":{"start":{"line":79,"column":35},"end":{"line":79,"column":81}},"22":{"start":{"line":80,"column":12},"end":{"line":80,"column":34}},"23":{"start":{"line":82,"column":12},"end":{"line":82,"column":86}},"24":{"start":{"line":83,"column":12},"end":{"line":83,"column":73}},"25":{"start":{"line":92,"column":8},"end":{"line":98,"column":9}},"26":{"start":{"line":93,"column":26},"end":{"line":93,"column":75}},"27":{"start":{"line":94,"column":12},"end":{"line":94,"column":25}},"28":{"start":{"line":96,"column":12},"end":{"line":96,"column":90}},"29":{"start":{"line":97,"column":12},"end":{"line":97,"column":77}},"30":{"start":{"line":101,"column":0},"end":{"line":101,"column":37}}},"fnMap":{"0":{"name":"(anonymous_0)","decl":{"start":{"line":15,"column":4},"end":{"line":15,"column":5}},"loc":{"start":{"line":15,"column":64},"end":{"line":32,"column":5}},"line":15},"1":{"name":"(anonymous_1)","decl":{"start":{"line":18,"column":37},"end":{"line":18,"column":38}},"loc":{"start":{"line":18,"column":45},"end":{"line":27,"column":14}},"line":18},"2":{"name":"(anonymous_2)","decl":{"start":{"line":39,"column":4},"end":{"line":39,"column":5}},"loc":{"start":{"line":39,"column":67},"end":{"line":47,"column":5}},"line":39},"3":{"name":"(anonymous_3)","decl":{"start":{"line":42,"column":38},"end":{"line":42,"column":39}},"loc":{"start":{"line":42,"column":54},"end":{"line":42,"column":71}},"line":42},"4":{"name":"(anonymous_4)","decl":{"start":{"line":54,"column":4},"end":{"line":54,"column":5}},"loc":{"start":{"line":54,"column":45},"end":{"line":71,"column":5}},"line":54},"5":{"name":"(anonymous_5)","decl":{"start":{"line":77,"column":4},"end":{"line":77,"column":5}},"loc":{"start":{"line":77,"column":46},"end":{"line":85,"column":5}},"line":77},"6":{"name":"(anonymous_6)","decl":{"start":{"line":91,"column":4},"end":{"line":91,"column":5}},"loc":{"start":{"line":91,"column":49},"end":{"line":99,"column":5}},"line":91}},"branchMap":{"0":{"loc":{"start":{"line":25,"column":30},"end":{"line":25,"column":53}},"type":"binary-expr","locations":[{"start":{"line":25,"column":30},"end":{"line":25,"column":47}},{"start":{"line":25,"column":51},"end":{"line":25,"column":53}}],"line":25},"1":{"loc":{"start":{"line":64,"column":30},"end":{"line":64,"column":62}},"type":"binary-expr","locations":[{"start":{"line":64,"column":30},"end":{"line":64,"column":56}},{"start":{"line":64,"column":60},"end":{"line":64,"column":62}}],"line":64}},"s":{"0":2,"1":2,"2":2,"3":3,"4":3,"5":2,"6":2,"7":1,"8":1,"9":2,"10":2,"11":1,"12":2,"13":1,"14":1,"15":3,"16":3,"17":2,"18":1,"19":1,"20":2,"21":2,"22":1,"23":1,"24":1,"25":2,"26":2,"27":1,"28":1,"29":1,"30":2},"f":{"0":3,"1":2,"2":2,"3":2,"4":3,"5":2,"6":2},"b":{"0":[2,1],"1":[2,1]},"_coverageSchema":"1a1c01bbd47fc00a2c39e90264f33305004495a9","hash":"52baca9fd6adc95795c34bdf1517f31dfca751b2"}
}
