{"C:\\Users\\rapha\\Documents\\ESGI\\m2\\hackathon\\backend\\src\\models\\municipality.js": {"path":"C:\\Users\\rapha\\Documents\\ESGI\\m2\\hackathon\\backend\\src\\models\\municipality.js","statementMap":{"0":{"start":{"line":27,"column":8},"end":{"line":27,"column":23}},"1":{"start":{"line":28,"column":8},"end":{"line":28,"column":25}},"2":{"start":{"line":29,"column":8},"end":{"line":29,"column":47}},"3":{"start":{"line":30,"column":8},"end":{"line":30,"column":27}},"4":{"start":{"line":31,"column":8},"end":{"line":31,"column":33}},"5":{"start":{"line":32,"column":8},"end":{"line":32,"column":37}},"6":{"start":{"line":33,"column":8},"end":{"line":33,"column":41}},"7":{"start":{"line":34,"column":8},"end":{"line":34,"column":37}},"8":{"start":{"line":43,"column":8},"end":{"line":43,"column":42}},"9":{"start":{"line":51,"column":8},"end":{"line":60,"column":10}},"10":{"start":{"line":64,"column":0},"end":{"line":64,"column":30}}},"fnMap":{"0":{"name":"(anonymous_0)","decl":{"start":{"line":17,"column":4},"end":{"line":17,"column":5}},"loc":{"start":{"line":26,"column":7},"end":{"line":35,"column":5}},"line":26},"1":{"name":"(anonymous_1)","decl":{"start":{"line":42,"column":4},"end":{"line":42,"column":5}},"loc":{"start":{"line":42,"column":30},"end":{"line":44,"column":5}},"line":42},"2":{"name":"(anonymous_2)","decl":{"start":{"line":50,"column":4},"end":{"line":50,"column":5}},"loc":{"start":{"line":50,"column":13},"end":{"line":61,"column":5}},"line":50}},"branchMap":{},"s":{"0":11,"1":11,"2":11,"3":11,"4":11,"5":11,"6":11,"7":11,"8":5,"9":1,"10":3},"f":{"0":11,"1":5,"2":1},"b":{},"_coverageSchema":"1a1c01bbd47fc00a2c39e90264f33305004495a9","hash":"cc3141a6187877a442067c07c1d20da5aa5a4d47"}
,"C:\\Users\\rapha\\Documents\\ESGI\\m2\\hackathon\\backend\\src\\services\\municipality_service.js": {"path":"C:\\Users\\rapha\\Documents\\ESGI\\m2\\hackathon\\backend\\src\\services\\municipality_service.js","statementMap":{"0":{"start":{"line":1,"column":14},"end":{"line":1,"column":30}},"1":{"start":{"line":2,"column":21},"end":{"line":2,"column":54}},"2":{"start":{"line":8,"column":22},"end":{"line":8,"column":47}},"3":{"start":{"line":16,"column":8},"end":{"line":31,"column":9}},"4":{"start":{"line":17,"column":29},"end":{"line":17,"column":105}},"5":{"start":{"line":18,"column":12},"end":{"line":27,"column":16}},"6":{"start":{"line":18,"column":45},"end":{"line":27,"column":14}},"7":{"start":{"line":29,"column":12},"end":{"line":29,"column":109}},"8":{"start":{"line":30,"column":12},"end":{"line":30,"column":96}},"9":{"start":{"line":40,"column":8},"end":{"line":46,"column":9}},"10":{"start":{"line":41,"column":35},"end":{"line":41,"column":92}},"11":{"start":{"line":42,"column":12},"end":{"line":42,"column":73}},"12":{"start":{"line":42,"column":54},"end":{"line":42,"column":71}},"13":{"start":{"line":44,"column":12},"end":{"line":44,"column":113}},"14":{"start":{"line":45,"column":12},"end":{"line":45,"column":100}},"15":{"start":{"line":55,"column":8},"end":{"line":70,"column":9}},"16":{"start":{"line":56,"column":29},"end":{"line":56,"column":81}},"17":{"start":{"line":57,"column":12},"end":{"line":66,"column":15}},"18":{"start":{"line":68,"column":12},"end":{"line":68,"column":91}},"19":{"start":{"line":69,"column":12},"end":{"line":69,"column":78}},"20":{"start":{"line":78,"column":8},"end":{"line":84,"column":9}},"21":{"start":{"line":79,"column":35},"end":{"line":79,"column":81}},"22":{"start":{"line":80,"column":12},"end":{"line":80,"column":34}},"23":{"start":{"line":82,"column":12},"end":{"line":82,"column":86}},"24":{"start":{"line":83,"column":12},"end":{"line":83,"column":73}},"25":{"start":{"line":92,"column":8},"end":{"line":98,"column":9}},"26":{"start":{"line":93,"column":26},"end":{"line":93,"column":75}},"27":{"start":{"line":94,"column":12},"end":{"line":94,"column":25}},"28":{"start":{"line":96,"column":12},"end":{"line":96,"column":90}},"29":{"start":{"line":97,"column":12},"end":{"line":97,"column":77}},"30":{"start":{"line":101,"column":0},"end":{"line":101,"column":37}}},"fnMap":{"0":{"name":"(anonymous_0)","decl":{"start":{"line":15,"column":4},"end":{"line":15,"column":5}},"loc":{"start":{"line":15,"column":64},"end":{"line":32,"column":5}},"line":15},"1":{"name":"(anonymous_1)","decl":{"start":{"line":18,"column":37},"end":{"line":18,"column":38}},"loc":{"start":{"line":18,"column":45},"end":{"line":27,"column":14}},"line":18},"2":{"name":"(anonymous_2)","decl":{"start":{"line":39,"column":4},"end":{"line":39,"column":5}},"loc":{"start":{"line":39,"column":67},"end":{"line":47,"column":5}},"line":39},"3":{"name":"(anonymous_3)","decl":{"start":{"line":42,"column":38},"end":{"line":42,"column":39}},"loc":{"start":{"line":42,"column":54},"end":{"line":42,"column":71}},"line":42},"4":{"name":"(anonymous_4)","decl":{"start":{"line":54,"column":4},"end":{"line":54,"column":5}},"loc":{"start":{"line":54,"column":45},"end":{"line":71,"column":5}},"line":54},"5":{"name":"(anonymous_5)","decl":{"start":{"line":77,"column":4},"end":{"line":77,"column":5}},"loc":{"start":{"line":77,"column":46},"end":{"line":85,"column":5}},"line":77},"6":{"name":"(anonymous_6)","decl":{"start":{"line":91,"column":4},"end":{"line":91,"column":5}},"loc":{"start":{"line":91,"column":49},"end":{"line":99,"column":5}},"line":91}},"branchMap":{"0":{"loc":{"start":{"line":25,"column":30},"end":{"line":25,"column":53}},"type":"binary-expr","locations":[{"start":{"line":25,"column":30},"end":{"line":25,"column":47}},{"start":{"line":25,"column":51},"end":{"line":25,"column":53}}],"line":25},"1":{"loc":{"start":{"line":64,"column":30},"end":{"line":64,"column":62}},"type":"binary-expr","locations":[{"start":{"line":64,"column":30},"end":{"line":64,"column":56}},{"start":{"line":64,"column":60},"end":{"line":64,"column":62}}],"line":64}},"s":{"0":2,"1":2,"2":2,"3":3,"4":3,"5":2,"6":2,"7":1,"8":1,"9":2,"10":2,"11":1,"12":2,"13":1,"14":1,"15":3,"16":3,"17":2,"18":1,"19":1,"20":2,"21":2,"22":1,"23":1,"24":1,"25":2,"26":2,"27":1,"28":1,"29":1,"30":2},"f":{"0":3,"1":2,"2":2,"3":2,"4":3,"5":2,"6":2},"b":{"0":[2,1],"1":[2,1]},"_coverageSchema":"1a1c01bbd47fc00a2c39e90264f33305004495a9","hash":"52baca9fd6adc95795c34bdf1517f31dfca751b2"}
}
