TN:
SF:src\models\municipality.js
FN:17,(anonymous_0)
FN:42,(anonymous_1)
FN:50,(anonymous_2)
FNF:3
FNH:3
FNDA:11,(anonymous_0)
FNDA:5,(anonymous_1)
FNDA:1,(anonymous_2)
DA:27,11
DA:28,11
DA:29,11
DA:30,11
DA:31,11
DA:32,11
DA:33,11
DA:34,11
DA:43,5
DA:51,1
DA:64,3
LF:11
LH:11
BRF:0
BRH:0
end_of_record
TN:
SF:src\services\municipality_service.js
FN:15,(anonymous_0)
FN:18,(anonymous_1)
FN:39,(anonymous_2)
FN:42,(anonymous_3)
FN:54,(anonymous_4)
FN:77,(anonymous_5)
FN:91,(anonymous_6)
FNF:7
FNH:7
FNDA:3,(anonymous_0)
FNDA:2,(anonymous_1)
FNDA:2,(anonymous_2)
FNDA:2,(anonymous_3)
FNDA:3,(anonymous_4)
FNDA:2,(anonymous_5)
FNDA:2,(anonymous_6)
DA:1,2
DA:2,2
DA:8,2
DA:16,3
DA:17,3
DA:18,2
DA:29,1
DA:30,1
DA:40,2
DA:41,2
DA:42,2
DA:44,1
DA:45,1
DA:55,3
DA:56,3
DA:57,2
DA:68,1
DA:69,1
DA:78,2
DA:79,2
DA:80,1
DA:82,1
DA:83,1
DA:92,2
DA:93,2
DA:94,1
DA:96,1
DA:97,1
DA:101,2
LF:29
LH:29
BRDA:25,0,0,2
BRDA:25,0,1,1
BRDA:64,1,0,2
BRDA:64,1,1,1
BRF:4
BRH:4
end_of_record
