TN:
SF:src\models\baseDoctor.js
FN:37,(anonymous_0)
FN:54,(anonymous_1)
FN:62,(anonymous_2)
FNF:3
FNH:3
FNDA:10,(anonymous_0)
FNDA:4,(anonymous_1)
FNDA:1,(anonymous_2)
DA:43,10
DA:44,10
DA:45,10
DA:46,10
DA:55,4
DA:63,1
DA:71,4
LF:7
LH:7
BRF:0
BRH:0
end_of_record
TN:
SF:src\models\doctorDetails.js
FN:59,(anonymous_0)
FN:88,(anonymous_1)
FN:96,(anonymous_2)
FNF:3
FNH:3
FNDA:8,(anonymous_0)
FNDA:3,(anonymous_1)
FNDA:2,(anonymous_2)
DA:71,8
DA:72,8
DA:73,8
DA:74,8
DA:75,8
DA:76,8
DA:77,8
DA:78,8
DA:79,8
DA:80,8
DA:89,3
DA:97,2
DA:108,4
LF:13
LH:13
BRF:0
BRH:0
end_of_record
TN:
SF:src\models\municipality.js
FN:50,(anonymous_0)
FN:75,(anonymous_1)
FN:83,(anonymous_2)
FNF:3
FNH:3
FNDA:11,(anonymous_0)
FNDA:5,(anonymous_1)
FNDA:1,(anonymous_2)
DA:60,11
DA:61,11
DA:62,11
DA:63,11
DA:64,11
DA:65,11
DA:66,11
DA:67,11
DA:76,5
DA:84,1
DA:97,3
LF:11
LH:11
BRF:0
BRH:0
end_of_record
TN:
SF:src\routes\doctors.js
FN:23,(anonymous_0)
FN:55,(anonymous_1)
FNF:2
FNH:2
FNDA:3,(anonymous_0)
FNDA:3,(anonymous_1)
DA:1,2
DA:2,2
DA:3,2
DA:23,2
DA:24,3
DA:25,3
DA:26,2
DA:28,1
DA:55,2
DA:56,3
DA:57,3
DA:58,2
DA:60,1
DA:64,2
LF:14
LH:14
BRF:0
BRH:0
end_of_record
TN:
SF:src\routes\municipalities.js
FN:24,(anonymous_0)
FN:52,(anonymous_1)
FN:85,(anonymous_2)
FNF:3
FNH:3
FNDA:3,(anonymous_0)
FNDA:3,(anonymous_1)
FNDA:3,(anonymous_2)
DA:1,2
DA:2,2
DA:3,2
DA:24,2
DA:25,3
DA:26,3
DA:27,2
DA:29,1
DA:52,2
DA:53,3
DA:54,3
DA:55,2
DA:57,1
DA:85,2
DA:86,3
DA:87,3
DA:88,2
DA:90,1
DA:94,2
LF:19
LH:19
BRF:0
BRH:0
end_of_record
TN:
SF:src\services\doctor_service.js
FN:17,(anonymous_0)
FN:30,(anonymous_1)
FN:56,(anonymous_2)
FN:92,(anonymous_3)
FNF:4
FNH:4
FNDA:2,(anonymous_0)
FNDA:2,(anonymous_1)
FNDA:2,(anonymous_2)
FNDA:2,(anonymous_3)
DA:1,2
DA:2,2
DA:3,2
DA:4,2
DA:10,2
DA:18,2
DA:19,2
DA:30,1
DA:31,2
DA:41,1
DA:45,1
DA:57,2
DA:58,2
DA:68,1
DA:69,1
DA:83,1
DA:84,1
DA:93,2
DA:94,2
DA:95,1
DA:97,1
DA:98,1
DA:103,2
LF:23
LH:23
BRF:0
BRH:0
end_of_record
TN:
SF:src\services\municipality_service.js
FN:15,(anonymous_0)
FN:18,(anonymous_1)
FN:39,(anonymous_2)
FN:42,(anonymous_3)
FN:54,(anonymous_4)
FN:77,(anonymous_5)
FN:91,(anonymous_6)
FNF:7
FNH:7
FNDA:3,(anonymous_0)
FNDA:2,(anonymous_1)
FNDA:2,(anonymous_2)
FNDA:2,(anonymous_3)
FNDA:3,(anonymous_4)
FNDA:2,(anonymous_5)
FNDA:2,(anonymous_6)
DA:1,2
DA:2,2
DA:8,2
DA:16,3
DA:17,3
DA:18,2
DA:29,1
DA:30,1
DA:40,2
DA:41,2
DA:42,2
DA:44,1
DA:45,1
DA:55,3
DA:56,3
DA:57,2
DA:68,1
DA:69,1
DA:78,2
DA:79,2
DA:80,1
DA:82,1
DA:83,1
DA:92,2
DA:93,2
DA:94,1
DA:96,1
DA:97,1
DA:101,2
LF:29
LH:29
BRDA:25,0,0,2
BRDA:25,0,1,1
BRDA:64,1,0,2
BRDA:64,1,1,1
BRF:4
BRH:4
end_of_record
